# JRE version: OpenJDK Runtime Environment (18.0.2+9) (build 18.0.2+9-61)
# Java VM: OpenJDK 64-Bit Server VM (18.0.2+9-61, mixed mode, sharing, tiered, compressed oops, compressed class ptrs, g1 gc, linux-amd64)
GC Precious Log:
 CardTable entry size: 512
 Card Set container configuration: InlinePtr #cards 5 size 8 Array Of Cards #cards 12 size 40 Howl #buckets 4 coarsen threshold 1843 Howl Bitmap #cards 512 size 80 coarsen threshold 460 Card regions per heap region 1 cards per card region 2048
 CPUs: 4 total, 4 available
 Memory: 7786M
 Large Page Support: Disabled
 NUMA Support: Disabled
 Compressed Oops: Enabled (32-bit)
 Heap Region Size: 1M
 Heap Min Capacity: 8M
 Heap Initial Capacity: 122M
 Heap Max Capacity: 1948M
 Pre-touch: Disabled
 Parallel Workers: 4
 Concurrent Workers: 1
 Concurrent Refinement Workers: 4
 Periodic GC: Disabled
Heap:
 garbage-first heap   total 70656K, used 50850K [0x0000000086400000, 0x0000000100000000)
  region size 1024K, 29 young (29696K), 2 survivors (2048K)
 Metaspace       used 51606K, committed 52032K, reserved 1114112K
  class space    used 6745K, committed 6976K, reserved 1048576K
GC Heap History (17 events):
Event: 0,917 GC heap before
{Heap before GC invocations=0 (full 0):
 garbage-first heap   total 126976K, used 14252K [0x0000000086400000, 0x0000000100000000)
  region size 1024K, 13 young (13312K), 0 survivors (0K)
 Metaspace       used 3456K, committed 3584K, reserved 1114112K
  class space    used 339K, committed 384K, reserved 1048576K
}
Event: 0,926 GC heap after
{Heap after GC invocations=1 (full 0):
 garbage-first heap   total 126976K, used 7574K [0x0000000086400000, 0x0000000100000000)
  region size 1024K, 2 young (2048K), 2 survivors (2048K)
 Metaspace       used 3456K, committed 3584K, reserved 1114112K
  class space    used 339K, committed 384K, reserved 1048576K
}
Event: 1,458 GC heap before
{Heap before GC invocations=1 (full 0):
 garbage-first heap   total 126976K, used 18838K [0x0000000086400000, 0x0000000100000000)
  region size 1024K, 13 young (13312K), 2 survivors (2048K)
 Metaspace       used 6269K, committed 6464K, reserved 1114112K
  class space    used 681K, committed 768K, reserved 1048576K
}
Event: 1,469 GC heap after
{Heap after GC invocations=2 (full 0):
 garbage-first heap   total 126976K, used 9130K [0x0000000086400000, 0x0000000100000000)
  region size 1024K, 2 young (2048K), 2 survivors (2048K)
 Metaspace       used 6269K, committed 6464K, reserved 1114112K
  class space    used 681K, committed 768K, reserved 1048576K
}
Event: 2,577 GC heap before
{Heap before GC invocations=2 (full 0):
 garbage-first heap   total 126976K, used 39850K [0x0000000086400000, 0x0000000100000000)
  region size 1024K, 33 young (33792K), 2 survivors (2048K)
 Metaspace       used 14597K, committed 14848K, reserved 1114112K
  class space    used 1741K, committed 1856K, reserved 1048576K
}
Event: 2,589 GC heap after
{Heap after GC invocations=3 (full 0):
 garbage-first heap   total 126976K, used 10882K [0x0000000086400000, 0x0000000100000000)
  region size 1024K, 3 young (3072K), 3 survivors (3072K)
 Metaspace       used 14597K, committed 14848K, reserved 1114112K
  class space    used 1741K, committed 1856K, reserved 1048576K
}
Event: 4,916 GC heap before
{Heap before GC invocations=3 (full 0):
 garbage-first heap   total 126976K, used 72322K [0x0000000086400000, 0x0000000100000000)
  region size 1024K, 64 young (65536K), 3 survivors (3072K)
 Metaspace       used 21239K, committed 21504K, reserved 1114112K
  class space    used 2558K, committed 2688K, reserved 1048576K
}
Event: 4,935 GC heap after
{Heap after GC invocations=4 (full 0):
 garbage-first heap   total 126976K, used 14962K [0x0000000086400000, 0x0000000100000000)
  region size 1024K, 7 young (7168K), 7 survivors (7168K)
 Metaspace       used 21239K, committed 21504K, reserved 1114112K
  class space    used 2558K, committed 2688K, reserved 1048576K
}
Event: 6,166 GC heap before
{Heap before GC invocations=5 (full 0):
 garbage-first heap   total 58368K, used 42610K [0x0000000086400000, 0x0000000100000000)
  region size 1024K, 34 young (34816K), 7 survivors (7168K)
 Metaspace       used 26933K, committed 27328K, reserved 1114112K
  class space    used 3323K, committed 3520K, reserved 1048576K
}
Event: 6,182 GC heap after
{Heap after GC invocations=6 (full 0):
 garbage-first heap   total 58368K, used 18005K [0x0000000086400000, 0x0000000100000000)
  region size 1024K, 4 young (4096K), 4 survivors (4096K)
 Metaspace       used 26933K, committed 27328K, reserved 1114112K
  class space    used 3323K, committed 3520K, reserved 1048576K
}
Event: 6,781 GC heap before
{Heap before GC invocations=6 (full 0):
 garbage-first heap   total 58368K, used 39509K [0x0000000086400000, 0x0000000100000000)
  region size 1024K, 25 young (25600K), 4 survivors (4096K)
 Metaspace       used 29640K, committed 30016K, reserved 1114112K
  class space    used 3689K, committed 3840K, reserved 1048576K
}
Event: 6,790 GC heap after
{Heap after GC invocations=7 (full 0):
 garbage-first heap   total 58368K, used 19749K [0x0000000086400000, 0x0000000100000000)
  region size 1024K, 2 young (2048K), 2 survivors (2048K)
 Metaspace       used 29640K, committed 30016K, reserved 1114112K
  class space    used 3689K, committed 3840K, reserved 1048576K
}
Event: 7,395 GC heap before
{Heap before GC invocations=7 (full 0):
 garbage-first heap   total 58368K, used 38181K [0x0000000086400000, 0x0000000100000000)
  region size 1024K, 22 young (22528K), 2 survivors (2048K)
 Metaspace       used 35828K, committed 36160K, reserved 1114112K
  class space    used 4607K, committed 4800K, reserved 1048576K
}
Event: 7,399 GC heap after
{Heap after GC invocations=8 (full 0):
 garbage-first heap   total 70656K, used 20866K [0x0000000086400000, 0x0000000100000000)
  region size 1024K, 3 young (3072K), 3 survivors (3072K)
 Metaspace       used 35828K, committed 36160K, reserved 1114112K
  class space    used 4607K, committed 4800K, reserved 1048576K
}
Event: 8,272 GC heap before
{Heap before GC invocations=9 (full 0):
 garbage-first heap   total 70656K, used 50562K [0x0000000086400000, 0x0000000100000000)
  region size 1024K, 32 young (32768K), 3 survivors (3072K)
 Metaspace       used 45206K, committed 45632K, reserved 1114112K
  class space    used 5800K, committed 6016K, reserved 1048576K
}
Event: 8,281 GC heap after
{Heap after GC invocations=10 (full 0):
 garbage-first heap   total 70656K, used 23202K [0x0000000086400000, 0x0000000100000000)
  region size 1024K, 4 young (4096K), 4 survivors (4096K)
 Metaspace       used 45206K, committed 45632K, reserved 1114112K
  class space    used 5800K, committed 6016K, reserved 1048576K
}
Event: 9,150 GC heap before
{Heap before GC invocations=10 (full 0):
 garbage-first heap   total 70656K, used 50850K [0x0000000086400000, 0x0000000100000000)
  region size 1024K, 31 young (31744K), 4 survivors (4096K)
 Metaspace       used 51606K, committed 52032K, reserved 1114112K
  class space    used 6745K, committed 6976K, reserved 1048576K
}

